<?xml version="1.0" encoding="UTF-8"?>
<testng-results total="4" passed="3" failed="1" skipped="0">
  <reporter-output>
  </reporter-output>
  <suite started-at="2025-02-13T15:38:36Z" name="Suite" finished-at="2025-02-13T15:39:49Z" duration-ms="72816">
    <groups>
    </groups>
    <test started-at="2025-02-13T15:38:36Z" name="TestTool" finished-at="2025-02-13T15:39:49Z" duration-ms="72816">
      <class name="jira.LaunchJiraTest">
        <test-method is-config="true" signature="launchURL()[pri:0, instance:jira.LaunchJiraTest@49b2a47d]" started-at="2025-02-13T21:08:36Z" name="launchURL" finished-at="2025-02-13T21:09:31Z" duration-ms="54690" status="PASS">
          <reporter-output>
          </reporter-output>
        </test-method> <!-- launchURL -->
        <test-method signature="testdata(java.lang.Object, java.lang.Object)[pri:0, instance:jira.LaunchJiraTest@49b2a47d]" started-at="2025-02-13T21:09:32Z" name="testdata" data-provider="ExcelData" finished-at="2025-02-13T21:09:34Z" duration-ms="2269" status="FAIL">
          <params>
            <param index="0">
              <value>
                <![CDATA[2024.4INT1_P0_Greenwood_iOS]]>
              </value>
            </param>
            <param index="1">
              <value>
                <![CDATA[669178]]>
              </value>
            </param>
          </params>
          <exception class="org.openqa.selenium.StaleElementReferenceException">
            <message>
              <![CDATA[stale element reference: stale element not found in the current frame
  (Session info: chrome=132.0.6834.160)
For documentation on this error, please visit: https://www.selenium.dev/documentation/webdriver/troubleshooting/errors#stale-element-reference-exception
Build info: version: '4.25.0', revision: '8a8aea2337'
System info: os.name: 'Windows 10', os.arch: 'amd64', os.version: '10.0', java.version: '21.0.5'
Driver info: org.openqa.selenium.chrome.ChromeDriver
Command: [377a04baa3a00a2d9ac4f23427f49638, clickElement {id=f.A9BB755EE4528FAFC1FA4993CD66E046.d.45194F1276E6CC2DD98CC71AF3A31239.e.105}]
Capabilities {acceptInsecureCerts: false, browserName: chrome, browserVersion: 132.0.6834.160, chrome: {chromedriverVersion: 132.0.6834.159 (2d77d3fc445..., userDataDir: C:\Users\nharinib\AppData\L...}, fedcm:accounts: true, goog:chromeOptions: {debuggerAddress: localhost:60980}, networkConnectionEnabled: false, pageLoadStrategy: normal, platformName: windows, proxy: Proxy(), se:cdp: ws://localhost:60980/devtoo..., se:cdpVersion: 132.0.6834.160, setWindowRect: true, strictFileInteractability: false, timeouts: {implicit: 0, pageLoad: 300000, script: 30000}, unhandledPromptBehavior: dismiss and notify, webauthn:extension:credBlob: true, webauthn:extension:largeBlob: true, webauthn:extension:minPinLength: true, webauthn:extension:prf: true, webauthn:virtualAuthenticators: true}
Element: [[ChromeDriver: chrome on windows (377a04baa3a00a2d9ac4f23427f49638)] -> xpath: //a[@name='QS_SampleTest1']/preceding-sibling::i]
Session ID: 377a04baa3a00a2d9ac4f23427f49638]]>
            </message>
            <full-stacktrace>
              <![CDATA[org.openqa.selenium.StaleElementReferenceException: stale element reference: stale element not found in the current frame
  (Session info: chrome=132.0.6834.160)
For documentation on this error, please visit: https://www.selenium.dev/documentation/webdriver/troubleshooting/errors#stale-element-reference-exception
Build info: version: '4.25.0', revision: '8a8aea2337'
System info: os.name: 'Windows 10', os.arch: 'amd64', os.version: '10.0', java.version: '21.0.5'
Driver info: org.openqa.selenium.chrome.ChromeDriver
Command: [377a04baa3a00a2d9ac4f23427f49638, clickElement {id=f.A9BB755EE4528FAFC1FA4993CD66E046.d.45194F1276E6CC2DD98CC71AF3A31239.e.105}]
Capabilities {acceptInsecureCerts: false, browserName: chrome, browserVersion: 132.0.6834.160, chrome: {chromedriverVersion: 132.0.6834.159 (2d77d3fc445..., userDataDir: C:\Users\nharinib\AppData\L...}, fedcm:accounts: true, goog:chromeOptions: {debuggerAddress: localhost:60980}, networkConnectionEnabled: false, pageLoadStrategy: normal, platformName: windows, proxy: Proxy(), se:cdp: ws://localhost:60980/devtoo..., se:cdpVersion: 132.0.6834.160, setWindowRect: true, strictFileInteractability: false, timeouts: {implicit: 0, pageLoad: 300000, script: 30000}, unhandledPromptBehavior: dismiss and notify, webauthn:extension:credBlob: true, webauthn:extension:largeBlob: true, webauthn:extension:minPinLength: true, webauthn:extension:prf: true, webauthn:virtualAuthenticators: true}
Element: [[ChromeDriver: chrome on windows (377a04baa3a00a2d9ac4f23427f49638)] -> xpath: //a[@name='QS_SampleTest1']/preceding-sibling::i]
Session ID: 377a04baa3a00a2d9ac4f23427f49638
	at java.base/jdk.internal.reflect.DirectConstructorHandleAccessor.newInstance(DirectConstructorHandleAccessor.java:62)
	at java.base/java.lang.reflect.Constructor.newInstanceWithCaller(Constructor.java:502)
	at java.base/java.lang.reflect.Constructor.newInstance(Constructor.java:486)
	at org.openqa.selenium.remote.ErrorCodec.decode(ErrorCodec.java:167)
	at org.openqa.selenium.remote.codec.w3c.W3CHttpResponseCodec.decode(W3CHttpResponseCodec.java:138)
	at org.openqa.selenium.remote.codec.w3c.W3CHttpResponseCodec.decode(W3CHttpResponseCodec.java:50)
	at org.openqa.selenium.remote.HttpCommandExecutor.execute(HttpCommandExecutor.java:190)
	at org.openqa.selenium.remote.service.DriverCommandExecutor.invokeExecute(DriverCommandExecutor.java:216)
	at org.openqa.selenium.remote.service.DriverCommandExecutor.execute(DriverCommandExecutor.java:174)
	at org.openqa.selenium.remote.RemoteWebDriver.execute(RemoteWebDriver.java:545)
	at org.openqa.selenium.remote.RemoteWebElement.execute(RemoteWebElement.java:223)
	at org.openqa.selenium.remote.RemoteWebElement.click(RemoteWebElement.java:76)
	at jira.LaunchJiraTest.testdata(LaunchJiraTest.java:85)
	at java.base/jdk.internal.reflect.DirectMethodHandleAccessor.invoke(DirectMethodHandleAccessor.java:103)
	at java.base/java.lang.reflect.Method.invoke(Method.java:580)
	at org.testng.internal.MethodInvocationHelper.invokeMethod(MethodInvocationHelper.java:85)
	at org.testng.internal.Invoker.invokeMethod(Invoker.java:639)
	at org.testng.internal.Invoker.invokeTestMethod(Invoker.java:816)
	at org.testng.internal.Invoker.invokeTestMethods(Invoker.java:1124)
	at org.testng.internal.TestMethodWorker.invokeTestMethods(TestMethodWorker.java:125)
	at org.testng.internal.TestMethodWorker.run(TestMethodWorker.java:108)
	at org.testng.TestRunner.privateRun(TestRunner.java:774)
	at org.testng.TestRunner.run(TestRunner.java:624)
	at org.testng.SuiteRunner.runTest(SuiteRunner.java:359)
	at org.testng.SuiteRunner.runSequentially(SuiteRunner.java:354)
	at org.testng.SuiteRunner.privateRun(SuiteRunner.java:312)
	at org.testng.SuiteRunner.run(SuiteRunner.java:261)
	at org.testng.SuiteRunnerWorker.runSuite(SuiteRunnerWorker.java:52)
	at org.testng.SuiteRunnerWorker.run(SuiteRunnerWorker.java:86)
	at org.testng.TestNG.runSuitesSequentially(TestNG.java:1191)
	at org.testng.TestNG.runSuitesLocally(TestNG.java:1116)
	at org.testng.TestNG.run(TestNG.java:1024)
	at org.apache.maven.surefire.testng.TestNGExecutor.run(TestNGExecutor.java:308)
	at org.apache.maven.surefire.testng.TestNGXmlTestSuite.execute(TestNGXmlTestSuite.java:71)
	at org.apache.maven.surefire.testng.TestNGProvider.invoke(TestNGProvider.java:113)
	at org.apache.maven.surefire.booter.ForkedBooter.runSuitesInProcess(ForkedBooter.java:385)
	at org.apache.maven.surefire.booter.ForkedBooter.execute(ForkedBooter.java:162)
	at org.apache.maven.surefire.booter.ForkedBooter.run(ForkedBooter.java:507)
	at org.apache.maven.surefire.booter.ForkedBooter.main(ForkedBooter.java:495)
]]>
            </full-stacktrace>
          </exception> <!-- org.openqa.selenium.StaleElementReferenceException -->
          <reporter-output>
          </reporter-output>
        </test-method> <!-- testdata -->
        <test-method signature="testdata(java.lang.Object, java.lang.Object)[pri:0, instance:jira.LaunchJiraTest@49b2a47d]" started-at="2025-02-13T21:09:34Z" name="testdata" data-provider="ExcelData" finished-at="2025-02-13T21:09:39Z" duration-ms="4819" status="PASS">
          <params>
            <param index="0">
              <value>
                <![CDATA[2024.4INT1_P0_Arrowhead_iOS]]>
              </value>
            </param>
            <param index="1">
              <value>
                <![CDATA[669177]]>
              </value>
            </param>
          </params>
          <reporter-output>
          </reporter-output>
        </test-method> <!-- testdata -->
        <test-method signature="testdata(java.lang.Object, java.lang.Object)[pri:0, instance:jira.LaunchJiraTest@49b2a47d]" started-at="2025-02-13T21:09:39Z" name="testdata" data-provider="ExcelData" finished-at="2025-02-13T21:09:44Z" duration-ms="4282" status="PASS">
          <params>
            <param index="0">
              <value>
                <![CDATA[2024.4INT1_Sanity_Muffin_iOS]]>
              </value>
            </param>
            <param index="1">
              <value>
                <![CDATA[487473]]>
              </value>
            </param>
          </params>
          <reporter-output>
          </reporter-output>
        </test-method> <!-- testdata -->
        <test-method signature="testdata(java.lang.Object, java.lang.Object)[pri:0, instance:jira.LaunchJiraTest@49b2a47d]" started-at="2025-02-13T21:09:44Z" name="testdata" data-provider="ExcelData" finished-at="2025-02-13T21:09:48Z" duration-ms="4253" status="PASS">
          <params>
            <param index="0">
              <value>
                <![CDATA[2024.4INT1_Sanity_Zephyr_iOS]]>
              </value>
            </param>
            <param index="1">
              <value>
                <![CDATA[487475]]>
              </value>
            </param>
          </params>
          <reporter-output>
          </reporter-output>
        </test-method> <!-- testdata -->
        <test-method is-config="true" signature="teardown()[pri:0, instance:jira.LaunchJiraTest@49b2a47d]" started-at="2025-02-13T21:09:48Z" name="teardown" finished-at="2025-02-13T21:09:49Z" duration-ms="924" status="PASS">
          <reporter-output>
          </reporter-output>
        </test-method> <!-- teardown -->
      </class> <!-- jira.LaunchJiraTest -->
    </test> <!-- TestTool -->
  </suite> <!-- Suite -->
</testng-results>
