<?xml version="1.0" encoding="UTF-8"?>
<!-- Generated by org.testng.reporters.JUnitXMLReporter -->
<testsuite ignored="0" hostname="MAA125CG052CPZN" failures="1" tests="1" name="Test" time="65.35" errors="0" timestamp="2024-10-16T20:25:32 IST">
  <testcase classname="jira.LaunchJiraTest" name="testdata" time="0.0">
    <failure type="org.testng.TestNGException" message="
Method public void jira.LaunchJiraTest.testdata(java.lang.Object,java.lang.Object) throws java.lang.InterruptedException requires a @DataProvider named : ExcelData">
      <![CDATA[org.testng.TestNGException: 
Method public void jira.LaunchJiraTest.testdata(java.lang.Object,java.lang.Object) throws java.lang.InterruptedException requires a @DataProvider named : ExcelData
at java.base/java.util.ArrayList.forEach(ArrayList.java:1511)
... Removed 24 stack frames]]>
    </failure>
  </testcase> <!-- testdata -->
</testsuite> <!-- Test -->
