<?xml version="1.0" encoding="UTF-8"?>
<!-- Generated by org.testng.reporters.JUnitXMLReporter -->
<testsuite ignored="0" hostname="MAA125CG052CPZN" failures="0" tests="4" name="TestTool" time="49.483" errors="0" timestamp="2025-02-14T19:03:14 IST">
  <testcase classname="jira.LaunchJiraTest" name="testdata" time="4.218"/>
  <testcase classname="jira.LaunchJiraTest" name="testdata" time="3.41"/>
  <testcase classname="jira.LaunchJiraTest" name="testdata" time="3.414"/>
  <testcase classname="jira.LaunchJiraTest" name="testdata" time="3.429"/>
</testsuite> <!-- TestTool -->
