<?xml version="1.0" encoding="UTF-8"?>
<!-- Generated by org.testng.reporters.JUnitXMLReporter -->
<testsuite ignored="0" hostname="MAA125CG052CPZN" failures="0" tests="5" name="Command line test" time="70.455" errors="0" timestamp="2024-11-18T20:26:56 IST">
  <testcase classname="jira.LaunchJiraTest" name="launchURL" time="35.78"/>
  <testcase classname="jira.LaunchJiraTest" name="testdata" time="6.33"/>
  <testcase classname="jira.LaunchJiraTest" name="testdata" time="3.431"/>
  <testcase classname="jira.LaunchJiraTest" name="testdata" time="3.365"/>
  <testcase classname="jira.LaunchJiraTest" name="testdata" time="3.047"/>
</testsuite> <!-- Command line test -->
